<?xml version="1.0" encoding="UTF-8"?>
<testsuite xmlns:xsi="http://www.w3.org/2001/XMLSchema-instance" xsi:noNamespaceSchemaLocation="https://maven.apache.org/surefire/maven-surefire-plugin/xsd/surefire-test-report-3.0.xsd" version="3.0" name="com.thavath.customers.CustomerMicroservicesApplicationTests" time="2.082" tests="1" errors="0" skipped="0" failures="0">
  <properties>
[...]
</properties>
  <testcase name="contextLoads" classname="com.thavath.customers.CustomerMicroservicesApplicationTests" time="0.486">
    <system-out><![CDATA[09:27:30.201 [main] INFO org.springframework.test.context.support.AnnotationConfigContextLoaderUtils -- Could not detect default configuration classes for test class [com.thavath.customers.CustomerMicroservicesApplicationTests]: CustomerMicroservicesApplicationTests does not declare any static, non-private, non-final, nested classes annotated with @Configuration.
09:27:30.249 [main] INFO org.springframework.boot.test.context.SpringBootTestContextBootstrapper -- Found @SpringBootConfiguration com.thavath.customers.CustomerMicroservicesApplication for test class com.thavath.customers.CustomerMicroservicesApplicationTests
09:27:30.318 [main] INFO org.springframework.boot.devtools.restart.RestartApplicationListener -- Restart disabled due to context in which it is running

  .   ____          _            __ _ _
 /\\ / ___'_ __ _ _(_)_ __  __ _ \ \ \ \
( ( )\___ | '_ | '_| | '_ \/ _` | \ \ \ \
 \\/  ___)| |_)| | | | | || (_| |  ) ) ) )
  '  |____| .__|_| |_|_| |_\__, | / / / /
 =========|_|==============|___/=/_/_/_/

 :: Spring Boot ::                (v3.3.2)

2024-08-03T09:27:30.439+07:00  INFO 19020 --- [customers-microservices] [           main] .c.CustomerMicroservicesApplicationTests : Starting CustomerMicroservicesApplicationTests using Java 21.0.3 with PID 19020 (started by thavath.rath in /Users/thavath.rath/Developments/Microservices/customers-microservices)
2024-08-03T09:27:30.440+07:00 DEBUG 19020 --- [customers-microservices] [           main] .c.CustomerMicroservicesApplicationTests : Running with Spring Boot v3.3.2, Spring v6.1.11
2024-08-03T09:27:30.440+07:00  INFO 19020 --- [customers-microservices] [           main] .c.CustomerMicroservicesApplicationTests : The following 1 profile is active: "dev"
2024-08-03T09:27:30.878+07:00  INFO 19020 --- [customers-microservices] [           main] .s.d.r.c.RepositoryConfigurationDelegate : Bootstrapping Spring Data R2DBC repositories in DEFAULT mode.
2024-08-03T09:27:30.938+07:00  INFO 19020 --- [customers-microservices] [           main] .s.d.r.c.RepositoryConfigurationDelegate : Finished Spring Data repository scanning in 57 ms. Found 1 R2DBC repository interface.
2024-08-03T09:27:31.362+07:00 DEBUG 19020 --- [customers-microservices] [           main] s.w.r.r.m.a.RequestMappingHandlerMapping : 7 mappings in 'requestMappingHandlerMapping'
2024-08-03T09:27:31.448+07:00 DEBUG 19020 --- [customers-microservices] [           main] o.s.w.r.handler.SimpleUrlHandlerMapping  : Patterns [/webjars/**, /**] in 'resourceHandlerMapping'
2024-08-03T09:27:31.519+07:00  INFO 19020 --- [customers-microservices] [           main] o.s.b.a.e.web.EndpointLinksResolver      : Exposing 14 endpoints beneath base path '/actuator'
2024-08-03T09:27:31.546+07:00 DEBUG 19020 --- [customers-microservices] [           main] o.s.w.r.r.m.a.ControllerMethodResolver   : ControllerAdvice beans: none
2024-08-03T09:27:31.558+07:00 DEBUG 19020 --- [customers-microservices] [           main] o.s.w.s.adapter.HttpWebHandlerAdapter    : enableLoggingRequestDetails='false': form data and headers will be masked to prevent unsafe logging of potentially sensitive data
2024-08-03T09:27:31.702+07:00  INFO 19020 --- [customers-microservices] [           main] .c.CustomerMicroservicesApplicationTests : Started CustomerMicroservicesApplicationTests in 1.389 seconds (process running for 1.833)
]]></system-out>
    <system-err><![CDATA[WARNING: A Java agent has been loaded dynamically (/Users/thavath.rath/.m2/repository/net/bytebuddy/byte-buddy-agent/1.14.18/byte-buddy-agent-1.14.18.jar)
WARNING: If a serviceability tool is in use, please run with -XX:+EnableDynamicAgentLoading to hide this warning
WARNING: If a serviceability tool is not in use, please run with -Djdk.instrument.traceUsage for more information
WARNING: Dynamic loading of agents will be disallowed by default in a future release
]]></system-err>
  </testcase>
</testsuite>